<?xml version="1.0" encoding="UTF-8"?>
<!-- Generated by org.testng.reporters.JUnitReportReporter -->
<testsuite hostname="TRICONNODE109" name="Connect.TestScripts.WritingTestScript" tests="3" failures="0" timestamp="10 Jan 2017 13:12:06 GMT" time="197.856" errors="0">
  <testcase name="Writing_ComposeOnline" time="70.991" classname="Connect.TestScripts.WritingTestScript"/>
  <testcase name="Writing_AttachDocument" time="66.490" classname="Connect.TestScripts.WritingTestScript"/>
  <testcase name="Writing_Both" time="60.375" classname="Connect.TestScripts.WritingTestScript"/>
</testsuite> <!-- Connect.TestScripts.WritingTestScript -->
