<?xml version="1.0" encoding="UTF-8"?>
<!-- Generated by org.testng.reporters.JUnitReportReporter -->
<testsuite hostname="TRICONNODE109" name="Connect.TestScripts.BlogTestScript" tests="1" failures="0" timestamp="10 Jan 2017 13:03:57 GMT" time="57.725" errors="0">
  <testcase name="BlogCreate" time="57.725" classname="Connect.TestScripts.BlogTestScript"/>
</testsuite> <!-- Connect.TestScripts.BlogTestScript -->
