<?xml version="1.0" encoding="UTF-8"?>
<!-- Generated by org.testng.reporters.JUnitReportReporter -->
<testsuite hostname="TRICONNODE109" name="Citrix.TestScripts.BasePageTest" tests="1" failures="0" timestamp="26 Dec 2016 09:26:09 GMT" time="0.017" errors="0">
  <testcase name="verifyHomePage" time="0.017" classname="Citrix.TestScripts.BasePageTest"/>
</testsuite> <!-- Citrix.TestScripts.BasePageTest -->
