<?xml version="1.0" encoding="UTF-8"?>
<!-- Generated by org.testng.reporters.JUnitReportReporter -->
<testsuite hostname="TRICONNODE109" name="com.pack.common.tests.BasePageTest" tests="1" failures="0" timestamp="13 Dec 2016 10:23:17 GMT" time="0.338" errors="0">
  <testcase name="verifyHomePage" time="0.338" classname="com.pack.common.tests.BasePageTest"/>
</testsuite> <!-- com.pack.common.tests.BasePageTest -->
