<?xml version="1.0" encoding="UTF-8"?>
<!-- Generated by org.testng.reporters.JUnitReportReporter -->
<testsuite hostname="TRICONNODE109" name="TheAuto.scripts.MyTest" tests="1" failures="0" timestamp="21 Dec 2016 12:16:57 GMT" time="4.072" errors="0">
  <testcase name="testPageObject" time="4.072" classname="TheAuto.scripts.MyTest"/>
</testsuite> <!-- TheAuto.scripts.MyTest -->
