<?xml version="1.0" encoding="UTF-8"?>
<!-- Generated by org.testng.reporters.JUnitReportReporter -->
<testsuite hostname="TRICONNODE109" name="Connect.TestScripts.MyTestScripts" tests="1" failures="0" timestamp="28 Dec 2016 12:37:58 GMT" time="18.748" errors="0">
  <testcase name="LoginwithValidCredentials" time="18.748" classname="Connect.TestScripts.MyTestScripts"/>
</testsuite> <!-- Connect.TestScripts.MyTestScripts -->
