<?xml version="1.0" encoding="UTF-8"?>
<!-- Generated by org.testng.reporters.JUnitReportReporter -->
<testsuite hostname="TRICONNODE109" name="Citrix.TestScripts.CreateAnAccounTest" tests="1" failures="0" timestamp="26 Dec 2016 09:26:09 GMT" time="1.882" errors="0">
  <testcase name="verifyCreateAnAccounPage" time="1.882" classname="Citrix.TestScripts.CreateAnAccounTest"/>
</testsuite> <!-- Citrix.TestScripts.CreateAnAccounTest -->
